<?xml version="1.0" encoding="UTF-8"?>
<!-- Generated by org.testng.reporters.JUnitXMLReporter -->
<testsuite ignored="1" hostname="DESKTOP-IJFDGV2" failures="0" tests="1" name="Default test(failed)" time="4.788" errors="0" timestamp="2025-09-01T00:36:02 IST">
  <testcase classname="Create.CreateSupplier" name="workerCreate" time="4.41"/>
  <testcase classname="Create.CreateSupplier" name="supplierCreate" time="0.0">
    <ignored/>
  </testcase> <!-- supplierCreate -->
</testsuite> <!-- Default test(failed) -->
