<?xml version="1.0" encoding="UTF-8"?>
<testsuite xmlns:xsi="http://www.w3.org/2001/XMLSchema-instance" xsi:noNamespaceSchemaLocation="https://maven.apache.org/surefire/maven-surefire-plugin/xsd/surefire-test-report.xsd" version="3.0.2" name="TestSuite" time="5.181" tests="1" errors="0" skipped="0" failures="1">
  <properties>
[...]
</properties>
  <testcase name="workerCreate" classname="Create.CreateSupplier" time="4.218">
    <failure message="1 expectation failed.&#10;Response body doesn&apos;t match expectation.&#10;Expected: The content to match the given JSON schema.&#10;error: object has missing required properties ([&quot;authToken&quot;,&quot;message&quot;,&quot;userInfo&quot;])&#10;    level: &quot;error&quot;&#10;    schema: {&quot;loadingURI&quot;:&quot;#&quot;,&quot;pointer&quot;:&quot;/properties/data&quot;}&#10;    instance: {&quot;pointer&quot;:&quot;/data&quot;}&#10;    domain: &quot;validation&quot;&#10;    keyword: &quot;required&quot;&#10;    required: [&quot;authToken&quot;,&quot;message&quot;,&quot;userInfo&quot;]&#10;    missing: [&quot;authToken&quot;,&quot;message&quot;,&quot;userInfo&quot;]&#10;&#10;  Actual: {&quot;meta&quot;:{&quot;status_code&quot;:200,&quot;success_message&quot;:&quot;Worker Created&quot;},&quot;data&quot;:{&quot;attachments&quot;:[],&quot;numTotalAssignments&quot;:0,&quot;isActive&quot;:true,&quot;updatedAt&quot;:null,&quot;firstName&quot;:&quot;Anabel&quot;,&quot;lastName&quot;:&quot;Abernathy&quot;,&quot;email&quot;:&quot;margarito.homenick@gmail.com&quot;,&quot;phone&quot;:&quot;(148) 010-9266&quot;,&quot;externalVmsId&quot;:&quot;737383&quot;,&quot;accountingId&quot;:&quot;7373833&quot;,&quot;notes&quot;:&quot;Nothing to add&quot;,&quot;workerID&quot;:1677,&quot;dobMonth&quot;:&quot;04&quot;,&quot;dobDay&quot;:&quot;10&quot;,&quot;dobYear&quot;:&quot;2000&quot;,&quot;address1&quot;:&quot;430 Boyle Causeway&quot;,&quot;address2&quot;:&quot;Ondricka Ports&quot;,&quot;city&quot;:&quot;Lakinland&quot;,&quot;state&quot;:&quot;Rhode Island&quot;,&quot;postalCode&quot;:&quot;53309-4492&quot;,&quot;country&quot;:&quot;Cambodia&quot;,&quot;emergencyContactName&quot;:&quot;NAMO&quot;,&quot;emergencyContactPhone&quot;:&quot;4748348934&quot;,&quot;emergencyContactEmail&quot;:&quot;qaworker1@yopmail.com&quot;,&quot;emergencyContactRelationship&quot;:&quot;NAMO&quot;,&quot;workEmail&quot;:&quot;margarito.homenick@gmail.com&quot;,&quot;persEmail&quot;:&quot;margarito.homenick@gmail.com&quot;,&quot;mobilePhone&quot;:&quot;6337373484&quot;,&quot;workPhone&quot;:&quot;7483839933&quot;,&quot;homePhone&quot;:&quot;7389292922&quot;,&quot;customFields&quot;:[],&quot;createdAt&quot;:&quot;2025-08-31T20:43:20.882Z&quot;}}&#10;" type="java.lang.AssertionError"><![CDATA[java.lang.AssertionError: 
1 expectation failed.
Response body doesn't match expectation.
Expected: The content to match the given JSON schema.
error: object has missing required properties (["authToken","message","userInfo"])
    level: "error"
    schema: {"loadingURI":"#","pointer":"/properties/data"}
    instance: {"pointer":"/data"}
    domain: "validation"
    keyword: "required"
    required: ["authToken","message","userInfo"]
    missing: ["authToken","message","userInfo"]

  Actual: {"meta":{"status_code":200,"success_message":"Worker Created"},"data":{"attachments":[],"numTotalAssignments":0,"isActive":true,"updatedAt":null,"firstName":"Anabel","lastName":"Abernathy","email":"margarito.homenick@gmail.com","phone":"(148) 010-9266","externalVmsId":"737383","accountingId":"7373833","notes":"Nothing to add","workerID":1677,"dobMonth":"04","dobDay":"10","dobYear":"2000","address1":"430 Boyle Causeway","address2":"Ondricka Ports","city":"Lakinland","state":"Rhode Island","postalCode":"53309-4492","country":"Cambodia","emergencyContactName":"NAMO","emergencyContactPhone":"4748348934","emergencyContactEmail":"qaworker1@yopmail.com","emergencyContactRelationship":"NAMO","workEmail":"margarito.homenick@gmail.com","persEmail":"margarito.homenick@gmail.com","mobilePhone":"6337373484","workPhone":"7483839933","homePhone":"7389292922","customFields":[],"createdAt":"2025-08-31T20:43:20.882Z"}}

	at java.base/jdk.internal.reflect.DirectConstructorHandleAccessor.newInstance(DirectConstructorHandleAccessor.java:62)
	at java.base/java.lang.reflect.Constructor.newInstanceWithCaller(Constructor.java:502)
	at java.base/java.lang.reflect.Constructor.newInstance(Constructor.java:486)
	at org.codehaus.groovy.reflection.CachedConstructor.invoke(CachedConstructor.java:73)
	at org.codehaus.groovy.runtime.callsite.ConstructorSite$ConstructorSiteNoUnwrapNoCoerce.callConstructor(ConstructorSite.java:108)
	at org.codehaus.groovy.runtime.callsite.CallSiteArray.defaultCallConstructor(CallSiteArray.java:57)
	at org.codehaus.groovy.runtime.callsite.AbstractCallSite.callConstructor(AbstractCallSite.java:263)
	at org.codehaus.groovy.runtime.callsite.AbstractCallSite.callConstructor(AbstractCallSite.java:277)
	at io.restassured.internal.ResponseSpecificationImpl$HamcrestAssertionClosure.validate(ResponseSpecificationImpl.groovy:512)
	at io.restassured.internal.ResponseSpecificationImpl$HamcrestAssertionClosure$validate$1.call(Unknown Source)
	at io.restassured.internal.ResponseSpecificationImpl.validateResponseIfRequired(ResponseSpecificationImpl.groovy:696)
	at io.restassured.internal.ResponseSpecificationImpl.this$2$validateResponseIfRequired(ResponseSpecificationImpl.groovy)
	at java.base/jdk.internal.reflect.DirectMethodHandleAccessor.invoke(DirectMethodHandleAccessor.java:103)
	at java.base/java.lang.reflect.Method.invoke(Method.java:580)
	at org.codehaus.groovy.runtime.callsite.PlainObjectMetaMethodSite.doInvoke(PlainObjectMetaMethodSite.java:43)
	at org.codehaus.groovy.runtime.callsite.PogoMetaMethodSite$PogoCachedMethodSiteNoUnwrapNoCoerce.invoke(PogoMetaMethodSite.java:198)
	at org.codehaus.groovy.runtime.callsite.PogoMetaMethodSite.callCurrent(PogoMetaMethodSite.java:62)
	at org.codehaus.groovy.runtime.callsite.AbstractCallSite.callCurrent(AbstractCallSite.java:185)
	at io.restassured.internal.ResponseSpecificationImpl.body(ResponseSpecificationImpl.groovy:107)
	at io.restassured.internal.ValidatableResponseOptionsImpl.body(ValidatableResponseOptionsImpl.java:238)
	at Create.CreateSupplier.workerCreate(CreateSupplier.java:114)
	at java.base/jdk.internal.reflect.DirectMethodHandleAccessor.invoke(DirectMethodHandleAccessor.java:103)
	at java.base/java.lang.reflect.Method.invoke(Method.java:580)
	at org.testng.internal.invokers.MethodInvocationHelper.invokeMethod(MethodInvocationHelper.java:141)
	at org.testng.internal.invokers.TestInvoker.invokeMethod(TestInvoker.java:687)
	at org.testng.internal.invokers.TestInvoker.invokeTestMethod(TestInvoker.java:230)
	at org.testng.internal.invokers.MethodRunner.runInSequence(MethodRunner.java:63)
	at org.testng.internal.invokers.TestInvoker$MethodInvocationAgent.invoke(TestInvoker.java:995)
	at org.testng.internal.invokers.TestInvoker.invokeTestMethods(TestInvoker.java:203)
	at org.testng.internal.invokers.TestMethodWorker.invokeTestMethods(TestMethodWorker.java:154)
	at org.testng.internal.invokers.TestMethodWorker.run(TestMethodWorker.java:134)
	at java.base/java.util.ArrayList.forEach(ArrayList.java:1596)
	at org.testng.TestRunner.privateRun(TestRunner.java:741)
	at org.testng.TestRunner.run(TestRunner.java:616)
	at org.testng.SuiteRunner.runTest(SuiteRunner.java:421)
	at org.testng.SuiteRunner.runSequentially(SuiteRunner.java:413)
	at org.testng.SuiteRunner.privateRun(SuiteRunner.java:373)
	at org.testng.SuiteRunner.run(SuiteRunner.java:312)
	at org.testng.SuiteRunnerWorker.runSuite(SuiteRunnerWorker.java:52)
	at org.testng.SuiteRunnerWorker.run(SuiteRunnerWorker.java:95)
	at org.testng.TestNG.runSuitesSequentially(TestNG.java:1274)
	at org.testng.TestNG.runSuitesLocally(TestNG.java:1208)
	at org.testng.TestNG.runSuites(TestNG.java:1112)
	at org.testng.TestNG.run(TestNG.java:1079)
	at org.apache.maven.surefire.testng.TestNGExecutor.run(TestNGExecutor.java:308)
	at org.apache.maven.surefire.testng.TestNGXmlTestSuite.execute(TestNGXmlTestSuite.java:71)
	at org.apache.maven.surefire.testng.TestNGProvider.invoke(TestNGProvider.java:113)
	at org.apache.maven.surefire.booter.ForkedBooter.runSuitesInProcess(ForkedBooter.java:385)
	at org.apache.maven.surefire.booter.ForkedBooter.execute(ForkedBooter.java:162)
	at org.apache.maven.surefire.booter.ForkedBooter.run(ForkedBooter.java:507)
	at org.apache.maven.surefire.booter.ForkedBooter.main(ForkedBooter.java:495)
]]></failure>
    <system-out><![CDATA[Into Listeners
Request method:	POST
Request URI:	http://qa-api.launch-sandbox.com/api/login
Proxy:			<none>
Request params:	<none>
Query params:	<none>
Form params:	email=qasankar.kumar@yopmail.com
				password=Test1234
Path params:	<none>
Headers:		Accept=*/*
				Content-Type=application/x-www-form-urlencoded; charset=UTF-8
Cookies:		<none>
Multiparts:		<none>
Body:			<none>
HTTP/1.1 200 OK
Access-Control-Allow-Headers: x-access-token, Content-Type, if-modified-since, Pragma, Cache-Control, Content-Disposition
Access-Control-Allow-Methods: PUT, PATCH, GET, POST, DELETE
Access-Control-Allow-Origin: *
Access-Control-Expose-Headers: Content-Disposition
Content-Type: application/json; charset=utf-8
Date: Sun, 31 Aug 2025 20:43:19 GMT
Server: nginx/1.16.1
X-Powered-By: Express
Content-Length: 2775
Connection: keep-alive

{
    "meta": {
        "status_code": 200
    },
    "data": {
        "message": "User Login is successful",
        "authToken": "eyJhbGciOiJIUzI1NiIsInR5cCI6IkpXVCJ9.eyJ1aWQiOiIyMTA3OTMxZGU2MGM1YTdjNWQ1MjZiZDFkNmE4YTM0ZCIsInJpZCI6MC4zOTc3NTYyNTQyNDkyNjE0LCJpYXQiOjE3NTY2NzI5OTl9.YlC7Th-OHSuzOVIwNvAe55gIcc28YupzbOuhiroaWUo",
        "userInfo": {
            "permissions": {
                "REQS_VIEW": true,
                "REQS_VIEW_CLIENT": true,
                "REQS_CREATE": true,
                "REQS_APPROVE": false,
                "REQS_APPROVE_PROXY": true,
                "REQS_COMMENT": true,
                "REQS_HOLD": true,
                "REQS_CLOSE": true,
                "REQS_REOPEN": true,
                "REQS_EDIT_PARTIAL": true,
                "REQS_EDIT_FULL": true,
                "REQS_EDIT_FULL_APPROVED": true,
                "REQS_SOURCE": true,
                "REQS_RELEASED_ACCEPT": true,
                "REQS_VIEW_HISTORY": true,
                "CANDIDATE_MANAGEMENT": true,
                "SUBMISSIONS_PRESCREEN": true,
                "SUBMISSIONS_SCREEN": true,
                "SUBMISSIONS_VIEW": true,
                "SUBMISSIONS_OVERRIDE": true,
                "SCREENING_GRAPHICS_BASIC": true,
                "SCREENING_GRAPHICS_ADVANCED": true,
                "OFFER_SELECTION": true,
                "OFFER_EXTENSION": true,
                "OFFER_ACCEPT": true,
                "REPORTS_RUN": true,
                "SYSTEM_MANAGE": true,
                "SYSTEM_AUDIT": true,
                "USERS_VIEW_MSP": true,
                "USERS_VIEW_CLIENT": true,
                "EXPORT_USERS": true,
                "EXPORT_CLIENTS": true,
                "EXPORT_SUPPLIERS": true,
                "EXPORT_REQS": true,
                "WATCH_REQS": true,
                "VIEW_ASSIGNMENTS": true,
                "WATCH_ASSIGNMENTS": true,
                "TC_VIEW": true,
                "TC_VIEW_HISTORY": true,
                "TC_EDIT": true,
                "TC_EDIT_PROXY": true,
                "TC_APPROVE_PROXY": true,
                "TC_RESUBMIT": true,
                "TC_UPDATE_STATUS": true,
                "TC_PROCESS_PAYROLL": true,
                "TC_PROCESS_BILLING": true,
                "TC_VIEW_ALL": true,
                "TC_DATA_EXPORT": true,
                "TC_PDF_EXPORT": true,
                "TC_EXCEPTIONS_EXPORT": true,
                "TC_OVERRIDE": true,
                "TC_REDISTRIBUTE": true,
                "EX_VIEW": true,
                "EX_VIEW_HISTORY": true,
                "EX_EDIT": true,
                "EX_EDIT_PROXY": true,
                "EX_APPROVE_PROXY": true,
                "EX_RESUBMIT": true,
                "EX_UPDATE_STATUS": true,
                "EX_PROCESS_PAYROLL": true,
                "EX_PROCESS_BILLING": true,
                "EX_VIEW_ALL": true,
                "EX_DATA_EXPORT": true,
                "EX_PDF_EXPORT": true,
                "EX_EXCEPTIONS_EXPORT": true,
                "EX_OVERRIDE": true,
                "IN_VIEW": true,
                "IN_VIEW_HISTORY": true,
                "IN_EDIT": true,
                "IN_EDIT_PROXY": true,
                "IN_APPROVE_PROXY": true,
                "IN_RESUBMIT": true,
                "IN_UPDATE_STATUS": true,
                "IN_PROCESS_PAYROLL": true,
                "IN_PROCESS_BILLING": true,
                "IN_VIEW_ALL": true,
                "IN_DATA_EXPORT": true,
                "IN_PDF_EXPORT": true,
                "IN_EXCEPTIONS_EXPORT": true,
                "IN_OVERRIDE": true,
                "AS_VIEW_CLIENT": false,
                "AS_VIEW_CLIENT_ALL": false,
                "AS_DATA_EXPORT_CLIENT": false,
                "AS_VIEW_SUPPLIER": false,
                "AS_DATA_EXPORT_SUPPLIER": false,
                "DOCS_VIEW": true,
                "DOCS_VIEW_HISTORY": true,
                "DOCS_EDIT": true,
                "DOCS_DATA_EXPORT": true,
                "USERS_LOGIN_OTHER": true,
                "USERS_VIEW_SUPPLIER": true
            },
            "userType": "msp",
            "userID": 6385,
            "permGrpIDs": [
                "MANAGE_SYSTEM",
                "MSP_DEFAULT",
                "ASSIGNMENTS_MSP_DEFAULT",
                "DOCS_MSP_DEFAULT",
                "TE_MSP_DEFAULT",
                "TE_WORKER_DEFAULT",
                "TE_MANAGE_OPERATIONS",
                "TE_PROCESS_BILLING",
                "TE_PROCESS_PAYROLL",
                "TE_VIEW_ALL",
                "TE_MSP_DATA_EXPORT",
                "TE_OVERRIDE",
                "EDIT_APPROVED_REQS",
                "USERS_LOGIN_OTHER"
            ],
            "firstName": "Sankar",
            "lastName": "Kumar",
            "workerID": 1001,
            "workerFullName": "QA Worker Worker"
        }
    }
}
Status Code: 200
Token: eyJhbGciOiJIUzI1NiIsInR5cCI6IkpXVCJ9.eyJ1aWQiOiIyMTA3OTMxZGU2MGM1YTdjNWQ1MjZiZDFkNmE4YTM0ZCIsInJpZCI6MC4zOTc3NTYyNTQyNDkyNjE0LCJpYXQiOjE3NTY2NzI5OTl9.YlC7Th-OHSuzOVIwNvAe55gIcc28YupzbOuhiroaWUo
Token next is eyJhbGciOiJIUzI1NiIsInR5cCI6IkpXVCJ9.eyJ1aWQiOiIyMTA3OTMxZGU2MGM1YTdjNWQ1MjZiZDFkNmE4YTM0ZCIsInJpZCI6MC4zOTc3NTYyNTQyNDkyNjE0LCJpYXQiOjE3NTY2NzI5OTl9.YlC7Th-OHSuzOVIwNvAe55gIcc28YupzbOuhiroaWUo
Token next is 6385
Request method:	POST
Request URI:	http://qa-api.launch-sandbox.com/api/workers
Proxy:			<none>
Request params:	<none>
Query params:	<none>
Form params:	<none>
Path params:	<none>
Headers:		x-access-token=eyJhbGciOiJIUzI1NiIsInR5cCI6IkpXVCJ9.eyJ1aWQiOiIyMTA3OTMxZGU2MGM1YTdjNWQ1MjZiZDFkNmE4YTM0ZCIsInJpZCI6MC4zOTc3NTYyNTQyNDkyNjE0LCJpYXQiOjE3NTY2NzI5OTl9.YlC7Th-OHSuzOVIwNvAe55gIcc28YupzbOuhiroaWUo
				Accept=*/*
				Content-Type=application/json; charset=UTF-8
Cookies:		<none>
Multiparts:		<none>
Body:
{
    "firstName": "Anabel",
    "lastName": "Abernathy",
    "email": "margarito.homenick@gmail.com",
    "phone": "(148) 010-9266",
    "dobDay": "10",
    "dobMonth": "04",
    "dobYear": "2000",
    "address1": "430 Boyle Causeway",
    "address2": "Ondricka Ports",
    "city": "Lakinland",
    "state": "Rhode Island",
    "postalCode": "53309-4492",
    "country": "Cambodia",
    "emergencyContactName": "NAMO",
    "emergencyContactRelationship": "NAMO",
    "emergencyContactEmail": "qaworker1@yopmail.com",
    "emergencyContactPhone": "4748348934",
    "externalVmsId": "737383",
    "accountingId": "7373833",
    "notes": "Nothing to add",
    "workEmail": "margarito.homenick@gmail.com",
    "persEmail": "margarito.homenick@gmail.com",
    "mobilePhone": "6337373484",
    "workPhone": "7483839933",
    "homePhone": "7389292922"
}
]]></system-out>
  </testcase>
</testsuite>